Determining if the pthread_create exist failed with the following output:
Change Dir: /root/CLionProjects/gRpc_demo/cmake-build-debug/CMakeFiles/CMakeTmp

Run Build Command:"/usr/bin/make" "cmTC_79f25/fast"
/usr/bin/make -f CMakeFiles/cmTC_79f25.dir/build.make CMakeFiles/cmTC_79f25.dir/build
make[1]: Entering directory '/root/CLionProjects/gRpc_demo/cmake-build-debug/CMakeFiles/CMakeTmp'
Building C object CMakeFiles/cmTC_79f25.dir/CheckSymbolExists.c.o
/usr/bin/cc    -o CMakeFiles/cmTC_79f25.dir/CheckSymbolExists.c.o   -c /root/CLionProjects/gRpc_demo/cmake-build-debug/CMakeFiles/CMakeTmp/CheckSymbolExists.c
Linking C executable cmTC_79f25
/opt/clion-2017.3.1/bin/cmake/bin/cmake -E cmake_link_script CMakeFiles/cmTC_79f25.dir/link.txt --verbose=1
/usr/bin/cc      CMakeFiles/cmTC_79f25.dir/CheckSymbolExists.c.o  -o cmTC_79f25 
CMakeFiles/cmTC_79f25.dir/CheckSymbolExists.c.o: In function `main':
CheckSymbolExists.c:(.text+0x16): undefined reference to `pthread_create'
collect2: error: ld returned 1 exit status
CMakeFiles/cmTC_79f25.dir/build.make:97: recipe for target 'cmTC_79f25' failed
make[1]: *** [cmTC_79f25] Error 1
make[1]: Leaving directory '/root/CLionProjects/gRpc_demo/cmake-build-debug/CMakeFiles/CMakeTmp'
Makefile:126: recipe for target 'cmTC_79f25/fast' failed
make: *** [cmTC_79f25/fast] Error 2

File /root/CLionProjects/gRpc_demo/cmake-build-debug/CMakeFiles/CMakeTmp/CheckSymbolExists.c:
/* */
#include <pthread.h>

int main(int argc, char** argv)
{
  (void)argv;
#ifndef pthread_create
  return ((int*)(&pthread_create))[argc];
#else
  (void)argc;
  return 0;
#endif
}

Determining if the function pthread_create exists in the pthreads failed with the following output:
Change Dir: /root/CLionProjects/gRpc_demo/cmake-build-debug/CMakeFiles/CMakeTmp

Run Build Command:"/usr/bin/make" "cmTC_6e0d3/fast"
/usr/bin/make -f CMakeFiles/cmTC_6e0d3.dir/build.make CMakeFiles/cmTC_6e0d3.dir/build
make[1]: Entering directory '/root/CLionProjects/gRpc_demo/cmake-build-debug/CMakeFiles/CMakeTmp'
Building C object CMakeFiles/cmTC_6e0d3.dir/CheckFunctionExists.c.o
/usr/bin/cc   -DCHECK_FUNCTION_EXISTS=pthread_create   -o CMakeFiles/cmTC_6e0d3.dir/CheckFunctionExists.c.o   -c /opt/clion-2017.3.1/bin/cmake/share/cmake-3.9/Modules/CheckFunctionExists.c
Linking C executable cmTC_6e0d3
/opt/clion-2017.3.1/bin/cmake/bin/cmake -E cmake_link_script CMakeFiles/cmTC_6e0d3.dir/link.txt --verbose=1
/usr/bin/cc  -DCHECK_FUNCTION_EXISTS=pthread_create    CMakeFiles/cmTC_6e0d3.dir/CheckFunctionExists.c.o  -o cmTC_6e0d3 -lpthreads 
/usr/bin/ld: cannot find -lpthreads
collect2: error: ld returned 1 exit status
CMakeFiles/cmTC_6e0d3.dir/build.make:97: recipe for target 'cmTC_6e0d3' failed
make[1]: *** [cmTC_6e0d3] Error 1
make[1]: Leaving directory '/root/CLionProjects/gRpc_demo/cmake-build-debug/CMakeFiles/CMakeTmp'
Makefile:126: recipe for target 'cmTC_6e0d3/fast' failed
make: *** [cmTC_6e0d3/fast] Error 2


